Arguments: 
  /Users/zhouhuafeng/.nvm/versions/node/v14.3.0/bin/node /Users/zhouhuafeng/.nvm/versions/node/v14.3.0/bin/yarn add webapck webpack-cli

PATH: 
  /Users/zhouhuafeng/.just-installs/bin:/Users/zhouhuafeng/.nvm/versions/node/v14.3.0/bin:/usr/local/bin:/usr/bin:/bin:/usr/sbin:/sbin:/Library/Apple/usr/bin

Yarn version: 
  1.22.4

Node version: 
  14.3.0

Platform: 
  darwin x64

Trace: 
  Error: https://registry.npm.alibaba-inc.com/webapck: [not_found] document not found
      at Request.params.callback [as _callback] (/Users/zhouhuafeng/.nvm/versions/node/v14.3.0/lib/node_modules/yarn/lib/cli.js:66987:18)
      at Request.self.callback (/Users/zhouhuafeng/.nvm/versions/node/v14.3.0/lib/node_modules/yarn/lib/cli.js:140748:22)
      at Request.emit (events.js:315:20)
      at Request.<anonymous> (/Users/zhouhuafeng/.nvm/versions/node/v14.3.0/lib/node_modules/yarn/lib/cli.js:141720:10)
      at Request.emit (events.js:315:20)
      at IncomingMessage.<anonymous> (/Users/zhouhuafeng/.nvm/versions/node/v14.3.0/lib/node_modules/yarn/lib/cli.js:141642:12)
      at Object.onceWrapper (events.js:421:28)
      at IncomingMessage.emit (events.js:327:22)
      at endReadableNT (_stream_readable.js:1224:12)
      at processTicksAndRejections (internal/process/task_queues.js:84:21)

npm manifest: 
  {
    "name": "repo",
    "version": "1.0.0",
    "main": "index.js",
    "license": "MIT"
  }

yarn manifest: 
  No manifest

Lockfile: 
  No lockfile
